\BOOKMARK [1][-]{section.1}{Multivariable Calculus Basics}{}% 1
\BOOKMARK [2][-]{subsection.1.1}{Green's Theorem}{section.1}% 2
\BOOKMARK [2][-]{subsection.1.2}{Generalized FTC}{section.1}% 3
\BOOKMARK [1][-]{section.2}{Real Number Set}{}% 4
\BOOKMARK [2][-]{subsection.2.1}{Definitions of Number Structures}{section.2}% 5
\BOOKMARK [3][-]{subsubsection.2.1.1}{N}{subsection.2.1}% 6
\BOOKMARK [3][-]{subsubsection.2.1.2}{Z}{subsection.2.1}% 7
\BOOKMARK [3][-]{subsubsection.2.1.3}{Q}{subsection.2.1}% 8
\BOOKMARK [3][-]{subsubsection.2.1.4}{R}{subsection.2.1}% 9
\BOOKMARK [2][-]{subsection.2.2}{Basic Structure of R1}{section.2}% 10
\BOOKMARK [2][-]{subsection.2.3}{Properties of Rn}{section.2}% 11
\BOOKMARK [2][-]{subsection.2.4}{Basic Axioms for R1}{section.2}% 12
\BOOKMARK [2][-]{subsection.2.5}{The Seperation Axiom}{section.2}% 13
\BOOKMARK [3][-]{subsubsection.2.5.1}{Proof of Irrationals}{subsection.2.5}% 14
\BOOKMARK [1][-]{section.3}{Sequence Theorems}{}% 15
\BOOKMARK [2][-]{subsection.3.1}{The Least Upper Bound Theorem}{section.3}% 16
\BOOKMARK [3][-]{subsubsection.3.1.1}{Proof}{subsection.3.1}% 17
\BOOKMARK [2][-]{subsection.3.2}{Bounded Monotone Sequence Theorem}{section.3}% 18
\BOOKMARK [3][-]{subsubsection.3.2.1}{Proof}{subsection.3.2}% 19
\BOOKMARK [2][-]{subsection.3.3}{Archimedean Property}{section.3}% 20
\BOOKMARK [3][-]{subsubsection.3.3.1}{Proof}{subsection.3.3}% 21
\BOOKMARK [3][-]{subsubsection.3.3.2}{Consequences}{subsection.3.3}% 22
\BOOKMARK [2][-]{subsection.3.4}{Sunrise Lemma}{section.3}% 23
\BOOKMARK [3][-]{subsubsection.3.4.1}{Well-Ordering Property}{subsection.3.4}% 24
\BOOKMARK [3][-]{subsubsection.3.4.2}{Proof}{subsection.3.4}% 25
\BOOKMARK [2][-]{subsection.3.5}{Bolzano-Weierstrass Theorem}{section.3}% 26
\BOOKMARK [3][-]{subsubsection.3.5.1}{Proof}{subsection.3.5}% 27
\BOOKMARK [1][-]{section.4}{Extreme Value Theorem}{}% 28
\BOOKMARK [2][-]{subsection.4.1}{Proof}{section.4}% 29
\BOOKMARK [3][-]{subsubsection.4.1.1}{M>0 such that f\(x\) < M x [a,b] \(f\(x\) is bounded above\)}{subsection.4.1}% 30
\BOOKMARK [3][-]{subsubsection.4.1.2}{The function reaches the supremum and infimum}{subsection.4.1}% 31
\BOOKMARK [1][-]{section.5}{Higher Dimensional Mathematics}{}% 32
\BOOKMARK [2][-]{subsection.5.1}{Higher Dimensions}{section.5}% 33
\BOOKMARK [3][-]{subsubsection.5.1.1}{Cartesian Product}{subsection.5.1}% 34
\BOOKMARK [3][-]{subsubsection.5.1.2}{Shapes}{subsection.5.1}% 35
\BOOKMARK [3][-]{subsubsection.5.1.3}{Boundary}{subsection.5.1}% 36
\BOOKMARK [3][-]{subsubsection.5.1.4}{Interior}{subsection.5.1}% 37
\BOOKMARK [3][-]{subsubsection.5.1.5}{Exterior}{subsection.5.1}% 38
\BOOKMARK [3][-]{subsubsection.5.1.6}{Closure}{subsection.5.1}% 39
\BOOKMARK [3][-]{subsubsection.5.1.7}{Ordered Pair}{subsection.5.1}% 40
\BOOKMARK [3][-]{subsubsection.5.1.8}{Vector and Points}{subsection.5.1}% 41
\BOOKMARK [3][-]{subsubsection.5.1.9}{Space and Lines}{subsection.5.1}% 42
\BOOKMARK [2][-]{subsection.5.2}{Dot Product}{section.5}% 43
\BOOKMARK [3][-]{subsubsection.5.2.1}{Definition and Perpendicularity}{subsection.5.2}% 44
\BOOKMARK [3][-]{subsubsection.5.2.2}{Properties}{subsection.5.2}% 45
\BOOKMARK [2][-]{subsection.5.3}{Functions in Higher Dimensions}{section.5}% 46
\BOOKMARK [3][-]{subsubsection.5.3.1}{Domain, Range, and One-to-One}{subsection.5.3}% 47
\BOOKMARK [3][-]{subsubsection.5.3.2}{Bolzano-Weirstrauss in Higher Dimensions}{subsection.5.3}% 48
\BOOKMARK [3][-]{subsubsection.5.3.3}{Cauchy Sequence}{subsection.5.3}% 49
\BOOKMARK [3][-]{subsubsection.5.3.4}{Convergence as Cauchy}{subsection.5.3}% 50
\BOOKMARK [3][-]{subsubsection.5.3.5}{Cauchy's Convergence Theorem}{subsection.5.3}% 51
\BOOKMARK [3][-]{subsubsection.5.3.6}{Cauchy Sequences in Higher Dimensions}{subsection.5.3}% 52
\BOOKMARK [2][-]{subsection.5.4}{Metric Topology in Rn}{section.5}% 53
\BOOKMARK [3][-]{subsubsection.5.4.1}{Continuity}{subsection.5.4}% 54
\BOOKMARK [3][-]{subsubsection.5.4.2}{Directional Limits}{subsection.5.4}% 55
\BOOKMARK [3][-]{subsubsection.5.4.3}{Limits in Higher Dimensions}{subsection.5.4}% 56
\BOOKMARK [2][-]{subsection.5.5}{Properties of Domain}{section.5}% 57
\BOOKMARK [3][-]{subsubsection.5.5.1}{Bounded}{subsection.5.5}% 58
\BOOKMARK [3][-]{subsubsection.5.5.2}{Closed}{subsection.5.5}% 59
\BOOKMARK [3][-]{subsubsection.5.5.3}{Open Set Theorem}{subsection.5.5}% 60
\BOOKMARK [2][-]{subsection.5.6}{Extreme-Value Theorem}{section.5}% 61
\BOOKMARK [1][-]{section.6}{Distance Functions}{}% 62
\BOOKMARK [2][-]{subsection.6.1}{Euclidean Distance}{section.6}% 63
\BOOKMARK [2][-]{subsection.6.2}{Geometric Distance}{section.6}% 64
\BOOKMARK [2][-]{subsection.6.3}{Basic Distance Bounds Lemma}{section.6}% 65
\BOOKMARK [2][-]{subsection.6.4}{Other Distance}{section.6}% 66
\BOOKMARK [2][-]{subsection.6.5}{Distances Between Sets}{section.6}% 67
\BOOKMARK [1][-]{section.7}{Inequalities}{}% 68
\BOOKMARK [2][-]{subsection.7.1}{Level of Operations}{section.7}% 69
\BOOKMARK [2][-]{subsection.7.2}{AM-GM}{section.7}% 70
\BOOKMARK [3][-]{subsubsection.7.2.1}{AM-GM Inequality}{subsection.7.2}% 71
\BOOKMARK [3][-]{subsubsection.7.2.2}{Proof}{subsection.7.2}% 72
\BOOKMARK [2][-]{subsection.7.3}{Young's Inequality}{section.7}% 73
\BOOKMARK [3][-]{subsubsection.7.3.1}{H\366lder Conjugate}{subsection.7.3}% 74
\BOOKMARK [3][-]{subsubsection.7.3.2}{Young's Inequality}{subsection.7.3}% 75
\BOOKMARK [3][-]{subsubsection.7.3.3}{Proof}{subsection.7.3}% 76
\BOOKMARK [2][-]{subsection.7.4}{H\366lder's Inequality}{section.7}% 77
\BOOKMARK [3][-]{subsubsection.7.4.1}{p-norm}{subsection.7.4}% 78
\BOOKMARK [3][-]{subsubsection.7.4.2}{H\366lder's Inequality}{subsection.7.4}% 79
\BOOKMARK [3][-]{subsubsection.7.4.3}{Proof}{subsection.7.4}% 80
\BOOKMARK [2][-]{subsection.7.5}{Cauchy-Schwarz Inequality}{section.7}% 81
\BOOKMARK [2][-]{subsection.7.6}{Triangle Inequality}{section.7}% 82
\BOOKMARK [2][-]{subsection.7.7}{Reverse Triangle Inequality}{section.7}% 83
\BOOKMARK [2][-]{subsection.7.8}{Minkowski's Inequality}{section.7}% 84
\BOOKMARK [3][-]{subsubsection.7.8.1}{Rational Power Proof}{subsection.7.8}% 85
\BOOKMARK [3][-]{subsubsection.7.8.2}{Proof}{subsection.7.8}% 86
\BOOKMARK [1][-]{section.8}{Heine-Borel Theorem and Domain Properties}{}% 87
\BOOKMARK [2][-]{subsection.8.1}{Heine-Borel Theorem}{section.8}% 88
\BOOKMARK [3][-]{subsubsection.8.1.1}{Proof}{subsection.8.1}% 89
\BOOKMARK [2][-]{subsection.8.2}{Uniform Continuity}{section.8}% 90
\BOOKMARK [2][-]{subsection.8.3}{Uniform Continuity Theorem}{section.8}% 91
\BOOKMARK [2][-]{subsection.8.4}{Connected}{section.8}% 92
\BOOKMARK [3][-]{subsubsection.8.4.1}{Definition}{subsection.8.4}% 93
\BOOKMARK [3][-]{subsubsection.8.4.2}{Theorem}{subsection.8.4}% 94
\BOOKMARK [1][-]{section.9}{Intermediate Value Theorem}{}% 95
\BOOKMARK [2][-]{subsection.9.1}{Theorem in R}{section.9}% 96
\BOOKMARK [3][-]{subsubsection.9.1.1}{Proof}{subsection.9.1}% 97
\BOOKMARK [2][-]{subsection.9.2}{Theorem in Rn}{section.9}% 98
\BOOKMARK [3][-]{subsubsection.9.2.1}{Proof}{subsection.9.2}% 99
\BOOKMARK [1][-]{section.10}{Vector Valued Functions}{}% 100
\BOOKMARK [2][-]{subsection.10.1}{Definition}{section.10}% 101
\BOOKMARK [2][-]{subsection.10.2}{Continuity}{section.10}% 102
\BOOKMARK [3][-]{subsubsection.10.2.1}{Component-wise Nature of Continuity}{subsection.10.2}% 103
\BOOKMARK [3][-]{subsubsection.10.2.2}{Composition of Continuous Functions}{subsection.10.2}% 104
\BOOKMARK [2][-]{subsection.10.3}{Compactness Theorem}{section.10}% 105
\BOOKMARK [3][-]{subsubsection.10.3.1}{Theorem}{subsection.10.3}% 106
\BOOKMARK [3][-]{subsubsection.10.3.2}{Proof}{subsection.10.3}% 107
\BOOKMARK [2][-]{subsection.10.4}{Connectedness Theorem}{section.10}% 108
\BOOKMARK [3][-]{subsubsection.10.4.1}{Theorem}{subsection.10.4}% 109
\BOOKMARK [3][-]{subsubsection.10.4.2}{Proof}{subsection.10.4}% 110
\BOOKMARK [1][-]{section.11}{Sequences of Functions}{}% 111
\BOOKMARK [2][-]{subsection.11.1}{Infinity Norm}{section.11}% 112
\BOOKMARK [2][-]{subsection.11.2}{Pointwise Convergence:}{section.11}% 113
\BOOKMARK [2][-]{subsection.11.3}{Uniform Convergence}{section.11}% 114
\BOOKMARK [3][-]{subsubsection.11.3.1}{In R}{subsection.11.3}% 115
\BOOKMARK [3][-]{subsubsection.11.3.2}{In Rn}{subsection.11.3}% 116
\BOOKMARK [2][-]{subsection.11.4}{Uniform Convergence Theorem}{section.11}% 117
\BOOKMARK [3][-]{subsubsection.11.4.1}{Theorem}{subsection.11.4}% 118
\BOOKMARK [3][-]{subsubsection.11.4.2}{Proof}{subsection.11.4}% 119
\BOOKMARK [1][-]{section.12}{Differentiable}{}% 120
